Detected memory leaks!
Dumping objects ->
{672} normal block at 0x0000016B9AA679A0, 16 bytes long.
 Data: <                > 00 CD CD CD CD CD CD CD 00 00 00 00 00 00 00 00 
{657} normal block at 0x0000016B9AA679F0, 16 bytes long.
 Data: <(               > 28 B4 7F C5 F6 7F 00 00 00 00 00 00 00 00 00 00 
{453} normal block at 0x0000016B9AA67900, 16 bytes long.
 Data: <         x  k   > 00 CD CD CD CD CD CD CD B0 78 A6 9A 6B 01 00 00 
{452} normal block at 0x0000016B9AA678B0, 16 bytes long.
 Data: <                > 00 CD CD CD CD CD CD CD 00 00 00 00 00 00 00 00 
{448} normal block at 0x0000016B9AA66AF0, 16 bytes long.
 Data: <                > 01 CD CD CD CD CD CD CD 00 00 00 00 00 00 00 00 
{239} normal block at 0x0000016B9AA66FF0, 16 bytes long.
 Data: <                > 00 CD CD CD CD CD CD CD 00 00 00 00 00 00 00 00 
{238} normal block at 0x0000016B9AA67130, 16 bytes long.
 Data: <         o  k   > 00 CD CD CD CD CD CD CD F0 6F A6 9A 6B 01 00 00 
{237} normal block at 0x0000016B9AA66B90, 16 bytes long.
 Data: <        0q  k   > 00 CD CD CD CD CD CD CD 30 71 A6 9A 6B 01 00 00 
{236} normal block at 0x0000016B9AA66C80, 16 bytes long.
 Data: <         k  k   > 00 CD CD CD CD CD CD CD 90 6B A6 9A 6B 01 00 00 
{235} normal block at 0x0000016B9AA674F0, 16 bytes long.
 Data: <         l  k   > 00 CD CD CD CD CD CD CD 80 6C A6 9A 6B 01 00 00 
{234} normal block at 0x0000016B9AA676D0, 16 bytes long.
 Data: <         t  k   > 00 CD CD CD CD CD CD CD F0 74 A6 9A 6B 01 00 00 
{233} normal block at 0x0000016B9AA70620, 16 bytes long.
 Data: <         v  k   > 00 CD CD CD CD CD CD CD D0 76 A6 9A 6B 01 00 00 
{232} normal block at 0x0000016B9AA700D0, 16 bytes long.
 Data: <            k   > 00 CD CD CD CD CD CD CD 20 06 A7 9A 6B 01 00 00 
{231} normal block at 0x0000016B9AA70800, 16 bytes long.
 Data: <            k   > 00 CD CD CD CD CD CD CD D0 00 A7 9A 6B 01 00 00 
{230} normal block at 0x0000016B9AA70760, 16 bytes long.
 Data: <            k   > 00 CD CD CD CD CD CD CD 00 08 A7 9A 6B 01 00 00 
{229} normal block at 0x0000016B9AA70080, 16 bytes long.
 Data: <        P   k   > 00 CD CD CD CD CD CD CD 50 08 A7 9A 6B 01 00 00 
{228} normal block at 0x0000016B9AA70850, 16 bytes long.
 Data: <        0   k   > 00 CD CD CD CD CD CD CD 30 00 A7 9A 6B 01 00 00 
{227} normal block at 0x0000016B9AA70030, 16 bytes long.
 Data: <            k   > 00 CD CD CD CD CD CD CD E0 FF A6 9A 6B 01 00 00 
{226} normal block at 0x0000016B9AA6FFE0, 16 bytes long.
 Data: <            k   > 00 CD CD CD CD CD CD CD E0 0E A7 9A 6B 01 00 00 
{225} normal block at 0x0000016B9AA70EE0, 16 bytes long.
 Data: <            k   > 00 CD CD CD CD CD CD CD A0 08 A7 9A 6B 01 00 00 
{224} normal block at 0x0000016B9AA708A0, 16 bytes long.
 Data: <            k   > 00 CD CD CD CD CD CD CD 00 0D A7 9A 6B 01 00 00 
{223} normal block at 0x0000016B9AA70D00, 16 bytes long.
 Data: <            k   > 00 CD CD CD CD CD CD CD E0 04 A7 9A 6B 01 00 00 
{222} normal block at 0x0000016B9AA704E0, 16 bytes long.
 Data: <        0   k   > 00 CD CD CD CD CD CD CD 30 05 A7 9A 6B 01 00 00 
{221} normal block at 0x0000016B9AA70530, 16 bytes long.
 Data: <            k   > 00 CD CD CD CD CD CD CD 10 07 A7 9A 6B 01 00 00 
{220} normal block at 0x0000016B9AA70710, 16 bytes long.
 Data: <                > 00 CD CD CD CD CD CD CD 00 00 00 00 00 00 00 00 
{218} normal block at 0x0000016B9AA70E90, 16 bytes long.
 Data: <                > 00 CD CD CD CD CD CD CD 00 00 00 00 00 00 00 00 
{207} normal block at 0x0000016B9AA6FD00, 72 bytes long.
 Data: <    k       k   > 00 FD A6 9A 6B 01 00 00 00 FD A6 9A 6B 01 00 00 
{206} normal block at 0x0000016B9AA70C60, 16 bytes long.
 Data: <                > D0 B3 7F C5 F6 7F 00 00 00 00 00 00 00 00 00 00 
{205} normal block at 0x0000016B9AA70BC0, 8 bytes long.
 Data: <    k   > F0 B5 A4 9A 6B 01 00 00 
{202} normal block at 0x0000016B9AA59D40, 24 bytes long.
 Data: <console         > 63 6F 6E 73 6F 6C 65 00 CC CC CC CC CC CC CC CC 
{199} normal block at 0x0000016B9AA492B0, 85 bytes long.
 Data: <D:/projects/misi> 44 3A 2F 70 72 6F 6A 65 63 74 73 2F 6D 69 73 69 
{198} normal block at 0x0000016B9AA4A950, 128 bytes long.
 Data: <@   k   @   k   > 40 AC A5 9A 6B 01 00 00 40 AC A5 9A 6B 01 00 00 
{197} normal block at 0x0000016B9AA701C0, 16 bytes long.
 Data: <    k           > E0 20 A7 9A 6B 01 00 00 00 00 00 00 00 00 00 00 
{196} normal block at 0x0000016B9AA5AC40, 24 bytes long.
 Data: <@   k   @   k   > 40 AC A5 9A 6B 01 00 00 40 AC A5 9A 6B 01 00 00 
{195} normal block at 0x0000016B9AA70120, 16 bytes long.
 Data: <    k           > C8 20 A7 9A 6B 01 00 00 00 00 00 00 00 00 00 00 
{194} normal block at 0x0000016B9AA709E0, 16 bytes long.
 Data: <    k           > A0 20 A7 9A 6B 01 00 00 00 00 00 00 00 00 00 00 
{193} normal block at 0x0000016B9AA70170, 16 bytes long.
 Data: <    k           > 80 20 A7 9A 6B 01 00 00 00 00 00 00 00 00 00 00 
{192} normal block at 0x0000016B9AA70B70, 16 bytes long.
 Data: <X   k           > 58 20 A7 9A 6B 01 00 00 00 00 00 00 00 00 00 00 
{191} normal block at 0x0000016B9AA70580, 16 bytes long.
 Data: <(   k           > 28 20 A7 9A 6B 01 00 00 00 00 00 00 00 00 00 00 
{190} normal block at 0x0000016B9AA70940, 16 bytes long.
 Data: <`   k           > 60 A2 A4 9A 6B 01 00 00 00 00 00 00 00 00 00 00 
{189} normal block at 0x0000016B9AA705D0, 16 bytes long.
 Data: <@   k           > 40 A2 A4 9A 6B 01 00 00 00 00 00 00 00 00 00 00 
{188} normal block at 0x0000016B9AA70670, 16 bytes long.
 Data: <    k           > 20 A2 A4 9A 6B 01 00 00 00 00 00 00 00 00 00 00 
{187} normal block at 0x0000016B9AA70E40, 16 bytes long.
 Data: <    k           > 00 A2 A4 9A 6B 01 00 00 00 00 00 00 00 00 00 00 
{186} normal block at 0x0000016B9AA708F0, 16 bytes long.
 Data: <    k           > E0 A1 A4 9A 6B 01 00 00 00 00 00 00 00 00 00 00 
{185} normal block at 0x0000016B9AA70AD0, 16 bytes long.
 Data: <    k           > C0 A1 A4 9A 6B 01 00 00 00 00 00 00 00 00 00 00 
{184} normal block at 0x0000016B9AA70A30, 16 bytes long.
 Data: <    k           > A0 A1 A4 9A 6B 01 00 00 00 00 00 00 00 00 00 00 
{183} normal block at 0x0000016B9AA70DF0, 16 bytes long.
 Data: <    k           > 80 A1 A4 9A 6B 01 00 00 00 00 00 00 00 00 00 00 
{182} normal block at 0x0000016B9AA70260, 16 bytes long.
 Data: <`   k           > 60 A1 A4 9A 6B 01 00 00 00 00 00 00 00 00 00 00 
{181} normal block at 0x0000016B9AA4A160, 288 bytes long.
 Data: <`   k           > 60 02 A7 9A 6B 01 00 00 00 00 00 00 00 00 00 00 
{180} normal block at 0x0000016B9AA703A0, 16 bytes long.
 Data: <    k           > 08 20 A7 9A 6B 01 00 00 00 00 00 00 00 00 00 00 
{179} normal block at 0x0000016B9AA70F50, 4560 bytes long.
 Data: <@           k   > 40 1F EB FA FE 7F 00 00 B0 92 A4 9A 6B 01 00 00 
{176} normal block at 0x0000016B9AA70440, 16 bytes long.
 Data: <(6  k           > 28 36 A4 9A 6B 01 00 00 00 00 00 00 00 00 00 00 
{173} normal block at 0x0000016B9AA6FF90, 16 bytes long.
 Data: <@7  k           > 40 37 A4 9A 6B 01 00 00 00 00 00 00 00 00 00 00 
{172} normal block at 0x0000016B9AA46420, 112 bytes long.
 Data: <D:\projects\misi> 44 3A 5C 70 72 6F 6A 65 63 74 73 5C 6D 69 73 69 
{171} normal block at 0x0000016B9AA4A6B0, 176 bytes long.
 Data: <@   k       k   > 40 AF A4 9A 6B 01 00 00 80 BE A4 9A 6B 01 00 00 
{169} normal block at 0x0000016B9AA407B0, 112 bytes long.
 Data: <D:\projects\misi> 44 3A 5C 70 72 6F 6A 65 63 74 73 5C 6D 69 73 69 
{168} normal block at 0x0000016B9AA4BE80, 176 bytes long.
 Data: <@   k       k   > 40 AF A4 9A 6B 01 00 00 C0 D8 A4 9A 6B 01 00 00 
{166} normal block at 0x0000016B9AA46860, 112 bytes long.
 Data: <D:\projects\misi> 44 3A 5C 70 72 6F 6A 65 63 74 73 5C 6D 69 73 69 
{165} normal block at 0x0000016B9AA4D8C0, 176 bytes long.
 Data: <    k       k   > C0 ED A4 9A 6B 01 00 00 A0 EB A5 9A 6B 01 00 00 
{163} normal block at 0x0000016B9AA4A5A0, 112 bytes long.
 Data: <D:\projects\misi> 44 3A 5C 70 72 6F 6A 65 63 74 73 5C 6D 69 73 69 
{162} normal block at 0x0000016B9AA4EDC0, 176 bytes long.
 Data: <@   k       k   > 40 AF A4 9A 6B 01 00 00 C0 D8 A4 9A 6B 01 00 00 
{160} normal block at 0x0000016B9AA4B740, 112 bytes long.
 Data: <D:\projects\misi> 44 3A 5C 70 72 6F 6A 65 63 74 73 5C 6D 69 73 69 
{159} normal block at 0x0000016B9AA5EBA0, 176 bytes long.
 Data: <    k   @   k   > 20 A3 A4 9A 6B 01 00 00 40 AF A4 9A 6B 01 00 00 
{157} normal block at 0x0000016B9AA4F7A0, 112 bytes long.
 Data: <D:\projects\misi> 44 3A 5C 70 72 6F 6A 65 63 74 73 5C 6D 69 73 69 
{156} normal block at 0x0000016B9AA4A320, 176 bytes long.
 Data: <@   k       k   > 40 AF A4 9A 6B 01 00 00 A0 EB A5 9A 6B 01 00 00 
{155} normal block at 0x0000016B9AA4AF40, 176 bytes long.
 Data: <    k       k   > 20 A3 A4 9A 6B 01 00 00 A0 EB A5 9A 6B 01 00 00 
{154} normal block at 0x0000016B9AA70A80, 16 bytes long.
 Data: <                > F0 B3 7F C5 F6 7F 00 00 00 00 00 00 00 00 00 00 
{150} normal block at 0x0000016B9AA6F520, 72 bytes long.
 Data: <    k   p   k   > 10 F0 A6 9A 6B 01 00 00 70 FC A6 9A 6B 01 00 00 
{149} normal block at 0x0000016B9AA6FC70, 72 bytes long.
 Data: <    k       k   > 20 F5 A6 9A 6B 01 00 00 10 F0 A6 9A 6B 01 00 00 
{148} normal block at 0x0000016B9AA6F0A0, 72 bytes long.
 Data: <    k   p   k   > 10 F0 A6 9A 6B 01 00 00 70 FC A6 9A 6B 01 00 00 
{147} normal block at 0x0000016B9AA6F010, 72 bytes long.
 Data: <    k   p   k   > 20 F5 A6 9A 6B 01 00 00 70 FC A6 9A 6B 01 00 00 
{146} normal block at 0x0000016B9AA70490, 16 bytes long.
 Data: <                > B0 B3 7F C5 F6 7F 00 00 00 00 00 00 00 00 00 00 
Object dump complete.
file message
